TN:
SF:src\config\constants.ts
FNF:0
FNH:0
DA:2,24
DA:12,24
DA:19,24
DA:25,24
DA:30,24
LF:5
LH:5
BRF:0
BRH:0
end_of_record
TN:
SF:src\config\environment.ts
FN:18,(anonymous_1)
FN:20,(anonymous_2)
FNF:2
FNH:2
FNDA:5,(anonymous_1)
FNDA:10,(anonymous_2)
DA:1,5
DA:3,5
DA:19,5
DA:20,10
DA:23,5
DA:24,0
DA:28,5
DA:40,5
LF:8
LH:7
BRDA:23,0,0,0
BRDA:29,1,0,5
BRDA:29,1,1,0
BRDA:33,2,0,5
BRDA:33,2,1,0
BRDA:34,3,0,5
BRDA:34,3,1,0
BRF:7
BRH:3
end_of_record
TN:
SF:src\controllers\KitchenController.ts
FN:10,(anonymous_0)
FN:14,(anonymous_1)
FN:28,(anonymous_2)
FN:45,(anonymous_3)
FNF:4
FNH:2
FNDA:7,(anonymous_0)
FNDA:1,(anonymous_1)
FNDA:0,(anonymous_2)
FNDA:0,(anonymous_3)
DA:3,7
DA:4,7
DA:7,7
DA:11,7
DA:14,7
DA:15,1
DA:16,1
DA:17,1
DA:18,1
DA:20,1
DA:24,0
DA:28,7
DA:29,0
DA:30,0
DA:31,0
DA:37,0
DA:41,0
DA:45,7
DA:46,0
DA:47,0
DA:48,0
DA:50,0
DA:54,0
LF:23
LH:12
BRDA:17,0,0,0
BRDA:17,0,1,1
BRF:2
BRH:1
end_of_record
TN:
SF:src\controllers\OrdersController.ts
FN:10,(anonymous_0)
FN:14,(anonymous_1)
FN:26,(anonymous_2)
FN:39,(anonymous_3)
FNF:4
FNH:4
FNDA:30,(anonymous_0)
FNDA:19,(anonymous_1)
FNDA:8,(anonymous_2)
FNDA:3,(anonymous_3)
DA:3,15
DA:4,15
DA:7,15
DA:11,30
DA:14,30
DA:15,19
DA:16,19
DA:18,12
DA:22,7
DA:26,30
DA:27,8
DA:28,8
DA:29,8
DA:31,4
DA:35,4
DA:39,30
DA:40,3
DA:41,3
DA:42,3
DA:44,2
DA:48,1
LF:21
LH:21
BRF:0
BRH:0
end_of_record
TN:
SF:src\handlers\ConnectionRefusedErrorHandler.ts
FN:15,(anonymous_0)
FN:20,(anonymous_1)
FNF:2
FNH:2
FNDA:19,(anonymous_0)
FNDA:6,(anonymous_1)
DA:3,5
DA:4,5
DA:13,5
DA:16,19
DA:21,6
LF:5
LH:5
BRF:0
BRH:0
end_of_record
TN:
SF:src\handlers\MicroserviceErrorHandler.ts
FN:8,(anonymous_0)
FN:12,(anonymous_1)
FNF:2
FNH:2
FNDA:33,(anonymous_0)
FNDA:15,(anonymous_1)
DA:3,5
DA:6,5
DA:9,33
DA:13,15
DA:14,15
DA:15,15
DA:17,15
LF:7
LH:7
BRDA:14,0,0,15
BRDA:14,0,1,0
BRF:2
BRH:1
end_of_record
TN:
SF:src\handlers\TimeoutErrorHandler.ts
FN:15,(anonymous_0)
FN:19,(anonymous_1)
FNF:2
FNH:2
FNDA:15,(anonymous_0)
FNDA:5,(anonymous_1)
DA:3,5
DA:4,5
DA:13,5
DA:16,15
DA:20,5
LF:5
LH:5
BRF:0
BRH:0
end_of_record
TN:
SF:src\handlers\UnknownErrorHandler.ts
FN:9,(anonymous_0)
FN:13,(anonymous_1)
FNF:2
FNH:2
FNDA:13,(anonymous_0)
FNDA:9,(anonymous_1)
DA:3,5
DA:4,5
DA:7,5
DA:10,13
DA:14,9
DA:16,9
LF:6
LH:6
BRDA:14,0,0,9
BRDA:14,0,1,1
BRF:2
BRH:2
end_of_record
TN:
SF:src\middlewares\auth.ts
FN:14,verifyJWT
FN:33,requireRole
FN:34,(anonymous_3)
FNF:3
FNH:3
FNDA:41,verifyJWT
FNDA:37,requireRole
FNDA:16,(anonymous_3)
DA:2,3
DA:12,3
DA:14,3
DA:15,41
DA:16,41
DA:17,41
DA:18,41
DA:19,8
DA:20,8
DA:22,33
DA:23,33
DA:24,27
DA:25,27
DA:26,27
DA:28,6
DA:29,6
DA:33,3
DA:34,37
DA:35,16
DA:36,16
DA:37,15
DA:38,5
DA:39,5
DA:41,10
LF:24
LH:24
BRDA:12,0,0,3
BRDA:12,0,1,2
BRDA:15,1,0,41
BRDA:15,1,1,3
BRDA:16,2,0,34
BRDA:16,2,1,7
BRDA:18,3,0,8
BRDA:25,4,0,27
BRDA:25,4,1,1
BRDA:36,5,0,1
BRDA:37,6,0,5
BRF:11
BRH:11
end_of_record
TN:
SF:src\middlewares\cors.ts
FNF:0
FNH:0
DA:1,2
DA:4,2
LF:2
LH:2
BRDA:5,0,0,2
BRDA:5,0,1,2
BRF:2
BRH:2
end_of_record
TN:
SF:src\middlewares\errorHandler.ts
FN:24,(anonymous_0)
FN:50,registerErrorHandler
FNF:2
FNH:1
FNDA:29,(anonymous_0)
FNDA:0,registerErrorHandler
DA:3,5
DA:4,5
DA:5,5
DA:6,5
DA:14,5
DA:24,5
DA:30,29
DA:33,29
DA:35,66
DA:36,29
DA:38,29
DA:39,29
DA:50,5
DA:52,0
DA:53,0
DA:55,0
LF:16
LH:13
BRDA:35,0,0,29
BRF:1
BRH:1
end_of_record
TN:
SF:src\middlewares\logger.ts
FN:4,(anonymous_0)
FNF:1
FNH:1
FNDA:12,(anonymous_0)
DA:4,2
DA:5,12
DA:6,12
LF:3
LH:3
BRF:0
BRH:0
end_of_record
TN:
SF:src\routes\kitchen.routes.ts
FNF:0
FNH:0
DA:1,7
DA:2,7
DA:3,7
DA:5,7
DA:6,7
DA:7,7
DA:10,7
DA:11,7
DA:12,7
DA:14,7
LF:10
LH:10
BRF:0
BRH:0
end_of_record
TN:
SF:src\routes\orders.routes.ts
FNF:0
FNH:0
DA:1,13
DA:2,13
DA:3,13
DA:5,13
DA:6,13
DA:7,13
DA:10,13
DA:11,13
DA:12,13
DA:14,13
LF:10
LH:10
BRF:0
BRH:0
end_of_record
TN:
SF:src\services\OrdersProxyService.ts
FN:7,(anonymous_0)
FNF:1
FNH:1
FNDA:7,(anonymous_0)
DA:1,3
DA:2,3
DA:3,3
DA:6,3
DA:8,7
LF:5
LH:5
BRF:0
BRH:0
end_of_record
TN:
SF:src\services\ProxyService.ts
FN:12,(anonymous_1)
FN:22,(anonymous_2)
FN:46,(anonymous_3)
FN:62,(anonymous_4)
FN:66,(anonymous_5)
FNF:5
FNH:5
FNDA:7,(anonymous_1)
FNDA:5,(anonymous_2)
FNDA:5,(anonymous_3)
FNDA:1,(anonymous_4)
FNDA:1,(anonymous_5)
DA:1,3
DA:3,3
DA:4,3
DA:7,3
DA:13,7
DA:14,7
DA:15,7
DA:28,5
DA:38,5
DA:45,5
DA:46,5
DA:47,5
DA:51,5
DA:53,0
DA:58,0
DA:63,1
DA:67,1
LF:17
LH:15
BRF:0
BRH:0
end_of_record
TN:
SF:src\utils\responseFormatter.ts
FN:15,formatSuccessResponse
FN:25,formatErrorResponse
FNF:2
FNH:2
FNDA:19,formatSuccessResponse
FNDA:35,formatErrorResponse
DA:15,19
DA:16,19
DA:25,19
DA:30,35
LF:4
LH:4
BRF:0
BRH:0
end_of_record
TN:
SF:src\utils\retryLogic.ts
FN:5,retryWithBackoff
FN:31,sleep
FN:32,(anonymous_2)
FNF:3
FNH:3
FNDA:5,retryWithBackoff
FNDA:9,sleep
FNDA:9,(anonymous_2)
DA:1,4
DA:2,4
DA:5,4
DA:11,5
DA:12,14
DA:13,14
DA:15,11
DA:17,11
DA:18,2
DA:22,9
DA:23,9
DA:24,9
DA:28,0
DA:32,9
LF:14
LH:13
BRDA:7,0,0,0
BRDA:17,1,0,2
BRF:2
BRH:1
end_of_record
