<?xml version="1.0" encoding="UTF-8"?>
<coverage generated="1764630847960" clover="3.2.0">
  <project timestamp="1764630847960" name="All files">
    <metrics statements="290" coveredstatements="290" conditionals="61" coveredconditionals="61" methods="56" coveredmethods="56" elements="407" coveredelements="407" complexity="0" loc="290" ncloc="290" packages="11" files="15" classes="15"/>
    <package name="src">
      <metrics statements="107" coveredstatements="107" conditionals="24" coveredconditionals="24" methods="15" coveredmethods="15"/>
      <file name="amqp.ts" path="C:\Users\juan.ciro\Documents\Taller-28\SistemaDePedidosRestaurante\orders-producer-node\src\amqp.ts">
        <metrics statements="44" coveredstatements="44" conditionals="10" coveredconditionals="10" methods="10" coveredmethods="10"/>
        <line num="2" count="22" type="stmt"/>
        <line num="3" count="22" type="stmt"/>
        <line num="5" count="22" type="stmt"/>
        <line num="13" count="22" type="stmt"/>
        <line num="14" count="22" type="stmt"/>
        <line num="15" count="22" type="stmt"/>
        <line num="20" count="22" type="stmt"/>
        <line num="21" count="22" type="stmt"/>
        <line num="25" count="23" type="cond" truecount="1" falsecount="0"/>
        <line num="27" count="19" type="stmt"/>
        <line num="29" count="19" type="stmt"/>
        <line num="30" count="19" type="cond" truecount="2" falsecount="0"/>
        <line num="31" count="1" type="stmt"/>
        <line num="39" count="1" type="stmt"/>
        <line num="41" count="18" type="stmt"/>
        <line num="51" count="17" type="stmt"/>
        <line num="54" count="1" type="stmt"/>
        <line num="55" count="1" type="stmt"/>
        <line num="60" count="28" type="cond" truecount="1" falsecount="0"/>
        <line num="62" count="20" type="cond" truecount="1" falsecount="0"/>
        <line num="64" count="19" type="cond" truecount="1" falsecount="0"/>
        <line num="66" count="18" type="stmt"/>
        <line num="67" count="16" type="stmt"/>
        <line num="69" count="16" type="cond" truecount="1" falsecount="0"/>
        <line num="71" count="15" type="stmt"/>
        <line num="76" count="6" type="stmt"/>
        <line num="77" count="6" type="stmt"/>
        <line num="78" count="5" type="stmt"/>
        <line num="83" count="1" type="stmt"/>
        <line num="87" count="22" type="stmt"/>
        <line num="89" count="22" type="stmt"/>
        <line num="90" count="22" type="stmt"/>
        <line num="93" count="22" type="stmt"/>
        <line num="94" count="5" type="stmt"/>
        <line num="96" count="5" type="stmt"/>
        <line num="97" count="1" type="stmt"/>
        <line num="100" count="4" type="stmt"/>
        <line num="101" count="4" type="stmt"/>
        <line num="103" count="1" type="stmt"/>
        <line num="104" count="1" type="stmt"/>
        <line num="109" count="22" type="stmt"/>
        <line num="110" count="3" type="stmt"/>
        <line num="113" count="22" type="stmt"/>
        <line num="114" count="4" type="stmt"/>
      </file>
      <file name="worker.ts" path="C:\Users\juan.ciro\Documents\Taller-28\SistemaDePedidosRestaurante\orders-producer-node\src\worker.ts">
        <metrics statements="55" coveredstatements="55" conditionals="13" coveredconditionals="13" methods="3" coveredmethods="3"/>
        <line num="2" count="5" type="stmt"/>
        <line num="5" count="5" type="stmt"/>
        <line num="6" count="5" type="stmt"/>
        <line num="7" count="5" type="stmt"/>
        <line num="8" count="5" type="stmt"/>
        <line num="15" count="5" type="stmt"/>
        <line num="16" count="5" type="stmt"/>
        <line num="17" count="12" type="stmt"/>
        <line num="19" count="12" type="cond" truecount="1" falsecount="0"/>
        <line num="20" count="5" type="stmt"/>
        <line num="21" count="5" type="stmt"/>
        <line num="24" count="12" type="stmt"/>
        <line num="25" count="11" type="stmt"/>
        <line num="27" count="11" type="stmt"/>
        <line num="28" count="11" type="stmt"/>
        <line num="30" count="11" type="stmt"/>
        <line num="32" count="11" type="stmt"/>
        <line num="35" count="10" type="cond" truecount="1" falsecount="0"/>
        <line num="37" count="9" type="stmt"/>
        <line num="38" count="9" type="stmt"/>
        <line num="39" count="9" type="cond" truecount="4" falsecount="0"/>
        <line num="40" count="9" type="stmt"/>
        <line num="44" count="9" type="stmt"/>
        <line num="45" count="9" type="stmt"/>
        <line num="48" count="9" type="stmt"/>
        <line num="51" count="9" type="cond" truecount="1" falsecount="0"/>
        <line num="52" count="4" type="stmt"/>
        <line num="55" count="5" type="stmt"/>
        <line num="56" count="5" type="stmt"/>
        <line num="57" count="5" type="stmt"/>
        <line num="60" count="4" type="stmt"/>
        <line num="61" count="4" type="stmt"/>
        <line num="64" count="4" type="stmt"/>
        <line num="67" count="4" type="stmt"/>
        <line num="69" count="4" type="cond" truecount="2" falsecount="0"/>
        <line num="72" count="4" type="stmt"/>
        <line num="80" count="4" type="stmt"/>
        <line num="82" count="4" type="stmt"/>
        <line num="85" count="4" type="stmt"/>
        <line num="86" count="4" type="cond" truecount="1" falsecount="0"/>
        <line num="87" count="1" type="stmt"/>
        <line num="91" count="1" type="stmt"/>
        <line num="96" count="5" type="stmt"/>
        <line num="97" count="5" type="stmt"/>
        <line num="100" count="5" type="stmt"/>
        <line num="101" count="5" type="cond" truecount="1" falsecount="0"/>
        <line num="102" count="2" type="stmt"/>
        <line num="103" count="2" type="stmt"/>
        <line num="104" count="2" type="cond" truecount="2" falsecount="0"/>
        <line num="105" count="2" type="stmt"/>
        <line num="106" count="2" type="stmt"/>
        <line num="111" count="5" type="stmt"/>
        <line num="113" count="1" type="stmt"/>
        <line num="115" count="5" type="stmt"/>
        <line num="122" count="1" type="stmt"/>
      </file>
      <file name="wsServer.ts" path="C:\Users\juan.ciro\Documents\Taller-28\SistemaDePedidosRestaurante\orders-producer-node\src\wsServer.ts">
        <metrics statements="8" coveredstatements="8" conditionals="1" coveredconditionals="1" methods="2" coveredmethods="2"/>
        <line num="1" count="2" type="stmt"/>
        <line num="3" count="2" type="stmt"/>
        <line num="4" count="2" type="stmt"/>
        <line num="6" count="2" type="stmt"/>
        <line num="7" count="3" type="stmt"/>
        <line num="9" count="3" type="stmt"/>
        <line num="10" count="7" type="cond" truecount="1" falsecount="0"/>
        <line num="11" count="6" type="stmt"/>
      </file>
    </package>
    <package name="src.adapters">
      <metrics statements="8" coveredstatements="8" conditionals="4" coveredconditionals="4" methods="2" coveredmethods="2"/>
      <file name="rabbit.adapter.ts" path="C:\Users\juan.ciro\Documents\Taller-28\SistemaDePedidosRestaurante\orders-producer-node\src\adapters\rabbit.adapter.ts">
        <metrics statements="8" coveredstatements="8" conditionals="4" coveredconditionals="4" methods="2" coveredmethods="2"/>
        <line num="1" count="1" type="stmt"/>
        <line num="7" count="1" type="stmt"/>
        <line num="11" count="3" type="stmt"/>
        <line num="15" count="3" type="stmt"/>
        <line num="16" count="3" type="cond" truecount="2" falsecount="0"/>
        <line num="17" count="3" type="stmt"/>
        <line num="18" count="3" type="cond" truecount="2" falsecount="0"/>
        <line num="19" count="3" type="stmt"/>
      </file>
    </package>
    <package name="src.config">
      <metrics statements="20" coveredstatements="20" conditionals="2" coveredconditionals="2" methods="1" coveredmethods="1"/>
      <file name="preparation.config.ts" path="C:\Users\juan.ciro\Documents\Taller-28\SistemaDePedidosRestaurante\orders-producer-node\src\config\preparation.config.ts">
        <metrics statements="20" coveredstatements="20" conditionals="2" coveredconditionals="2" methods="1" coveredmethods="1"/>
        <line num="1" count="2" type="stmt"/>
        <line num="2" count="2" type="stmt"/>
        <line num="8" count="2" type="stmt"/>
        <line num="9" count="5" type="stmt"/>
        <line num="10" count="5" type="stmt"/>
        <line num="12" count="5" type="stmt"/>
        <line num="13" count="5" type="stmt"/>
        <line num="15" count="4" type="cond" truecount="2" falsecount="0"/>
        <line num="16" count="3" type="stmt"/>
        <line num="18" count="3" type="stmt"/>
        <line num="19" count="6" type="stmt"/>
        <line num="20" count="6" type="stmt"/>
        <line num="23" count="3" type="stmt"/>
        <line num="25" count="1" type="stmt"/>
        <line num="28" count="1" type="stmt"/>
        <line num="32" count="2" type="stmt"/>
        <line num="33" count="2" type="stmt"/>
        <line num="34" count="2" type="stmt"/>
        <line num="35" count="2" type="stmt"/>
        <line num="37" count="2" type="stmt"/>
      </file>
    </package>
    <package name="src.controllers">
      <metrics statements="23" coveredstatements="23" conditionals="4" coveredconditionals="4" methods="5" coveredmethods="5"/>
      <file name="kitchen.controller.ts" path="C:\Users\juan.ciro\Documents\Taller-28\SistemaDePedidosRestaurante\orders-producer-node\src\controllers\kitchen.controller.ts">
        <metrics statements="23" coveredstatements="23" conditionals="4" coveredconditionals="4" methods="5" coveredmethods="5"/>
        <line num="7" count="4" type="stmt"/>
        <line num="9" count="4" type="stmt"/>
        <line num="10" count="6" type="stmt"/>
        <line num="13" count="4" type="stmt"/>
        <line num="14" count="3" type="stmt"/>
        <line num="15" count="3" type="cond" truecount="1" falsecount="0"/>
        <line num="16" count="1" type="stmt"/>
        <line num="18" count="2" type="stmt"/>
        <line num="19" count="1" type="stmt"/>
        <line num="21" count="1" type="stmt"/>
        <line num="26" count="4" type="stmt"/>
        <line num="27" count="2" type="cond" truecount="1" falsecount="0"/>
        <line num="28" count="1" type="stmt"/>
        <line num="30" count="1" type="stmt"/>
        <line num="31" count="1" type="stmt"/>
        <line num="34" count="4" type="stmt"/>
        <line num="35" count="3" type="cond" truecount="1" falsecount="0"/>
        <line num="36" count="1" type="stmt"/>
        <line num="38" count="2" type="stmt"/>
        <line num="41" count="4" type="stmt"/>
        <line num="42" count="2" type="cond" truecount="1" falsecount="0"/>
        <line num="43" count="1" type="stmt"/>
        <line num="45" count="1" type="stmt"/>
      </file>
    </package>
    <package name="src.db">
      <metrics statements="35" coveredstatements="35" conditionals="12" coveredconditionals="12" methods="6" coveredmethods="6"/>
      <file name="mongo.ts" path="C:\Users\juan.ciro\Documents\Taller-28\SistemaDePedidosRestaurante\orders-producer-node\src\db\mongo.ts">
        <metrics statements="35" coveredstatements="35" conditionals="12" coveredconditionals="12" methods="6" coveredmethods="6"/>
        <line num="1" count="6" type="stmt"/>
        <line num="2" count="6" type="stmt"/>
        <line num="4" count="6" type="stmt"/>
        <line num="7" count="6" type="stmt"/>
        <line num="8" count="6" type="stmt"/>
        <line num="9" count="6" type="stmt"/>
        <line num="14" count="6" type="cond" truecount="1" falsecount="0"/>
        <line num="15" count="6" type="stmt"/>
        <line num="20" count="6" type="cond" truecount="3" falsecount="0"/>
        <line num="24" count="8" type="cond" truecount="1" falsecount="0"/>
        <line num="26" count="6" type="stmt"/>
        <line num="27" count="6" type="cond" truecount="1" falsecount="0"/>
        <line num="31" count="5" type="cond" truecount="2" falsecount="0"/>
        <line num="33" count="5" type="stmt"/>
        <line num="34" count="5" type="stmt"/>
        <line num="36" count="5" type="cond" truecount="3" falsecount="0"/>
        <line num="37" count="4" type="stmt"/>
        <line num="43" count="5" type="stmt"/>
        <line num="44" count="5" type="stmt"/>
        <line num="45" count="5" type="stmt"/>
        <line num="48" count="5" type="stmt"/>
        <line num="49" count="5" type="stmt"/>
        <line num="50" count="5" type="stmt"/>
        <line num="53" count="5" type="stmt"/>
        <line num="57" count="5" type="stmt"/>
        <line num="60" count="5" type="stmt"/>
        <line num="64" count="5" type="stmt"/>
        <line num="65" count="5" type="stmt"/>
        <line num="67" count="5" type="stmt"/>
        <line num="68" count="5" type="stmt"/>
        <line num="72" count="2" type="stmt"/>
        <line num="76" count="5" type="cond" truecount="1" falsecount="0"/>
        <line num="77" count="5" type="stmt"/>
        <line num="78" count="5" type="stmt"/>
        <line num="82" count="6" type="stmt"/>
      </file>
    </package>
    <package name="src.factories">
      <metrics statements="3" coveredstatements="3" conditionals="6" coveredconditionals="6" methods="1" coveredmethods="1"/>
      <file name="order.factory.ts" path="C:\Users\juan.ciro\Documents\Taller-28\SistemaDePedidosRestaurante\orders-producer-node\src\factories\order.factory.ts">
        <metrics statements="3" coveredstatements="3" conditionals="6" coveredconditionals="6" methods="1" coveredmethods="1"/>
        <line num="1" count="7" type="stmt"/>
        <line num="4" count="7" type="stmt"/>
        <line num="5" count="14" type="stmt"/>
      </file>
    </package>
    <package name="src.repositories">
      <metrics statements="76" coveredstatements="76" conditionals="8" coveredconditionals="8" methods="17" coveredmethods="17"/>
      <file name="mongo.order.repository.ts" path="C:\Users\juan.ciro\Documents\Taller-28\SistemaDePedidosRestaurante\orders-producer-node\src\repositories\mongo.order.repository.ts">
        <metrics statements="17" coveredstatements="17" conditionals="2" coveredconditionals="2" methods="6" coveredmethods="6"/>
        <line num="1" count="1" type="stmt"/>
        <line num="5" count="1" type="stmt"/>
        <line num="6" count="7" type="stmt"/>
        <line num="9" count="7" type="stmt"/>
        <line num="10" count="7" type="stmt"/>
        <line num="14" count="1" type="stmt"/>
        <line num="16" count="1" type="stmt"/>
        <line num="20" count="1" type="stmt"/>
        <line num="21" count="1" type="stmt"/>
        <line num="25" count="2" type="stmt"/>
        <line num="26" count="2" type="stmt"/>
        <line num="27" count="2" type="cond" truecount="2" falsecount="0"/>
        <line num="31" count="2" type="stmt"/>
        <line num="32" count="2" type="stmt"/>
        <line num="33" count="2" type="stmt"/>
        <line num="37" count="1" type="stmt"/>
        <line num="38" count="1" type="stmt"/>
      </file>
      <file name="preparation-time.repository.ts" path="C:\Users\juan.ciro\Documents\Taller-28\SistemaDePedidosRestaurante\orders-producer-node\src\repositories\preparation-time.repository.ts">
        <metrics statements="20" coveredstatements="20" conditionals="0" coveredconditionals="0" methods="4" coveredmethods="4"/>
        <line num="1" count="3" type="stmt"/>
        <line num="7" count="3" type="stmt"/>
        <line num="8" count="6" type="stmt"/>
        <line num="11" count="6" type="stmt"/>
        <line num="12" count="5" type="stmt"/>
        <line num="19" count="2" type="stmt"/>
        <line num="20" count="2" type="stmt"/>
        <line num="21" count="1" type="stmt"/>
        <line num="26" count="1" type="stmt"/>
        <line num="27" count="1" type="stmt"/>
        <line num="35" count="2" type="stmt"/>
        <line num="36" count="2" type="stmt"/>
        <line num="37" count="2" type="stmt"/>
        <line num="39" count="1" type="stmt"/>
        <line num="40" count="1" type="stmt"/>
        <line num="48" count="2" type="stmt"/>
        <line num="49" count="2" type="stmt"/>
        <line num="50" count="2" type="stmt"/>
        <line num="64" count="1" type="stmt"/>
        <line num="65" count="1" type="stmt"/>
      </file>
      <file name="product.repository.ts" path="C:\Users\juan.ciro\Documents\Taller-28\SistemaDePedidosRestaurante\orders-producer-node\src\repositories\product.repository.ts">
        <metrics statements="39" coveredstatements="39" conditionals="6" coveredconditionals="6" methods="7" coveredmethods="7"/>
        <line num="1" count="1" type="stmt"/>
        <line num="7" count="1" type="stmt"/>
        <line num="8" count="1" type="stmt"/>
        <line num="11" count="15" type="stmt"/>
        <line num="12" count="11" type="stmt"/>
        <line num="19" count="2" type="stmt"/>
        <line num="20" count="2" type="stmt"/>
        <line num="21" count="1" type="stmt"/>
        <line num="26" count="1" type="stmt"/>
        <line num="27" count="1" type="stmt"/>
        <line num="35" count="2" type="stmt"/>
        <line num="36" count="2" type="stmt"/>
        <line num="37" count="1" type="stmt"/>
        <line num="42" count="1" type="stmt"/>
        <line num="43" count="1" type="stmt"/>
        <line num="51" count="3" type="stmt"/>
        <line num="52" count="3" type="stmt"/>
        <line num="53" count="2" type="cond" truecount="2" falsecount="0"/>
        <line num="54" count="2" type="stmt"/>
        <line num="56" count="1" type="stmt"/>
        <line num="57" count="1" type="stmt"/>
        <line num="65" count="2" type="stmt"/>
        <line num="66" count="2" type="stmt"/>
        <line num="67" count="1" type="stmt"/>
        <line num="69" count="1" type="stmt"/>
        <line num="70" count="1" type="stmt"/>
        <line num="78" count="3" type="stmt"/>
        <line num="79" count="3" type="stmt"/>
        <line num="80" count="3" type="cond" truecount="2" falsecount="0"/>
        <line num="82" count="3" type="stmt"/>
        <line num="96" count="1" type="stmt"/>
        <line num="97" count="1" type="stmt"/>
        <line num="105" count="3" type="stmt"/>
        <line num="106" count="3" type="stmt"/>
        <line num="107" count="3" type="cond" truecount="2" falsecount="0"/>
        <line num="108" count="3" type="stmt"/>
        <line num="109" count="2" type="stmt"/>
        <line num="111" count="1" type="stmt"/>
        <line num="112" count="1" type="stmt"/>
      </file>
    </package>
    <package name="src.strategies">
      <metrics statements="4" coveredstatements="4" conditionals="0" coveredconditionals="0" methods="0" coveredmethods="0"/>
      <file name="index.ts" path="C:\Users\juan.ciro\Documents\Taller-28\SistemaDePedidosRestaurante\orders-producer-node\src\strategies\index.ts">
        <metrics statements="4" coveredstatements="4" conditionals="0" coveredconditionals="0" methods="0" coveredmethods="0"/>
        <line num="1" count="2" type="stmt"/>
        <line num="2" count="2" type="stmt"/>
        <line num="3" count="2" type="stmt"/>
        <line num="4" count="2" type="stmt"/>
      </file>
    </package>
    <package name="src.strategies.calculator">
      <metrics statements="6" coveredstatements="6" conditionals="1" coveredconditionals="1" methods="3" coveredmethods="3"/>
      <file name="index.ts" path="C:\Users\juan.ciro\Documents\Taller-28\SistemaDePedidosRestaurante\orders-producer-node\src\strategies\calculator\index.ts">
        <metrics statements="6" coveredstatements="6" conditionals="1" coveredconditionals="1" methods="3" coveredmethods="3"/>
        <line num="3" count="4" type="stmt"/>
        <line num="4" count="10" type="stmt"/>
        <line num="7" count="19" type="stmt"/>
        <line num="11" count="14" type="stmt"/>
        <line num="12" count="12" type="cond" truecount="1" falsecount="0"/>
        <line num="13" count="11" type="stmt"/>
      </file>
    </package>
    <package name="src.strategies.exact-name">
      <metrics statements="4" coveredstatements="4" conditionals="0" coveredconditionals="0" methods="3" coveredmethods="3"/>
      <file name="index.ts" path="C:\Users\juan.ciro\Documents\Taller-28\SistemaDePedidosRestaurante\orders-producer-node\src\strategies\exact-name\index.ts">
        <metrics statements="4" coveredstatements="4" conditionals="0" coveredconditionals="0" methods="3" coveredmethods="3"/>
        <line num="6" count="3" type="stmt"/>
        <line num="7" count="15" type="stmt"/>
        <line num="10" count="12" type="stmt"/>
        <line num="14" count="8" type="stmt"/>
      </file>
    </package>
    <package name="src.strategies.fixed-time">
      <metrics statements="4" coveredstatements="4" conditionals="0" coveredconditionals="0" methods="3" coveredmethods="3"/>
      <file name="index.ts" path="C:\Users\juan.ciro\Documents\Taller-28\SistemaDePedidosRestaurante\orders-producer-node\src\strategies\fixed-time\index.ts">
        <metrics statements="4" coveredstatements="4" conditionals="0" coveredconditionals="0" methods="3" coveredmethods="3"/>
        <line num="3" count="3" type="stmt"/>
        <line num="4" count="3" type="stmt"/>
        <line num="7" count="5" type="stmt"/>
        <line num="11" count="3" type="stmt"/>
      </file>
    </package>
  </project>
</coverage>
