{"total": {"lines":{"total":286,"covered":286,"skipped":0,"pct":100},"statements":{"total":301,"covered":300,"skipped":0,"pct":99.66},"functions":{"total":53,"covered":53,"skipped":0,"pct":100},"branches":{"total":62,"covered":60,"skipped":0,"pct":96.77},"branchesTrue":{"total":0,"covered":0,"skipped":0,"pct":100}}
,"C:\\Users\\juan.ciro\\Documents\\Taller-28\\SistemaDePedidosRestaurante\\orders-producer-node\\src\\amqp.ts": {"lines":{"total":40,"covered":40,"skipped":0,"pct":100},"functions":{"total":7,"covered":7,"skipped":0,"pct":100},"statements":{"total":45,"covered":44,"skipped":0,"pct":97.77},"branches":{"total":11,"covered":9,"skipped":0,"pct":81.81}}
,"C:\\Users\\juan.ciro\\Documents\\Taller-28\\SistemaDePedidosRestaurante\\orders-producer-node\\src\\worker.ts": {"lines":{"total":55,"covered":55,"skipped":0,"pct":100},"functions":{"total":3,"covered":3,"skipped":0,"pct":100},"statements":{"total":57,"covered":57,"skipped":0,"pct":100},"branches":{"total":13,"covered":13,"skipped":0,"pct":100}}
,"C:\\Users\\juan.ciro\\Documents\\Taller-28\\SistemaDePedidosRestaurante\\orders-producer-node\\src\\wsServer.ts": {"lines":{"total":8,"covered":8,"skipped":0,"pct":100},"functions":{"total":2,"covered":2,"skipped":0,"pct":100},"statements":{"total":8,"covered":8,"skipped":0,"pct":100},"branches":{"total":1,"covered":1,"skipped":0,"pct":100}}
,"C:\\Users\\juan.ciro\\Documents\\Taller-28\\SistemaDePedidosRestaurante\\orders-producer-node\\src\\adapters\\rabbit.adapter.ts": {"lines":{"total":8,"covered":8,"skipped":0,"pct":100},"functions":{"total":2,"covered":2,"skipped":0,"pct":100},"statements":{"total":8,"covered":8,"skipped":0,"pct":100},"branches":{"total":4,"covered":4,"skipped":0,"pct":100}}
,"C:\\Users\\juan.ciro\\Documents\\Taller-28\\SistemaDePedidosRestaurante\\orders-producer-node\\src\\config\\preparation.config.ts": {"lines":{"total":20,"covered":20,"skipped":0,"pct":100},"functions":{"total":1,"covered":1,"skipped":0,"pct":100},"statements":{"total":20,"covered":20,"skipped":0,"pct":100},"branches":{"total":2,"covered":2,"skipped":0,"pct":100}}
,"C:\\Users\\juan.ciro\\Documents\\Taller-28\\SistemaDePedidosRestaurante\\orders-producer-node\\src\\controllers\\kitchen.controller.ts": {"lines":{"total":23,"covered":23,"skipped":0,"pct":100},"functions":{"total":5,"covered":5,"skipped":0,"pct":100},"statements":{"total":23,"covered":23,"skipped":0,"pct":100},"branches":{"total":4,"covered":4,"skipped":0,"pct":100}}
,"C:\\Users\\juan.ciro\\Documents\\Taller-28\\SistemaDePedidosRestaurante\\orders-producer-node\\src\\db\\mongo.ts": {"lines":{"total":35,"covered":35,"skipped":0,"pct":100},"functions":{"total":6,"covered":6,"skipped":0,"pct":100},"statements":{"total":39,"covered":39,"skipped":0,"pct":100},"branches":{"total":12,"covered":12,"skipped":0,"pct":100}}
,"C:\\Users\\juan.ciro\\Documents\\Taller-28\\SistemaDePedidosRestaurante\\orders-producer-node\\src\\factories\\order.factory.ts": {"lines":{"total":3,"covered":3,"skipped":0,"pct":100},"functions":{"total":1,"covered":1,"skipped":0,"pct":100},"statements":{"total":3,"covered":3,"skipped":0,"pct":100},"branches":{"total":6,"covered":6,"skipped":0,"pct":100}}
,"C:\\Users\\juan.ciro\\Documents\\Taller-28\\SistemaDePedidosRestaurante\\orders-producer-node\\src\\repositories\\mongo.order.repository.ts": {"lines":{"total":17,"covered":17,"skipped":0,"pct":100},"functions":{"total":6,"covered":6,"skipped":0,"pct":100},"statements":{"total":17,"covered":17,"skipped":0,"pct":100},"branches":{"total":2,"covered":2,"skipped":0,"pct":100}}
,"C:\\Users\\juan.ciro\\Documents\\Taller-28\\SistemaDePedidosRestaurante\\orders-producer-node\\src\\repositories\\preparation-time.repository.ts": {"lines":{"total":20,"covered":20,"skipped":0,"pct":100},"functions":{"total":4,"covered":4,"skipped":0,"pct":100},"statements":{"total":20,"covered":20,"skipped":0,"pct":100},"branches":{"total":0,"covered":0,"skipped":0,"pct":100}}
,"C:\\Users\\juan.ciro\\Documents\\Taller-28\\SistemaDePedidosRestaurante\\orders-producer-node\\src\\repositories\\product.repository.ts": {"lines":{"total":39,"covered":39,"skipped":0,"pct":100},"functions":{"total":7,"covered":7,"skipped":0,"pct":100},"statements":{"total":39,"covered":39,"skipped":0,"pct":100},"branches":{"total":6,"covered":6,"skipped":0,"pct":100}}
,"C:\\Users\\juan.ciro\\Documents\\Taller-28\\SistemaDePedidosRestaurante\\orders-producer-node\\src\\strategies\\index.ts": {"lines":{"total":4,"covered":4,"skipped":0,"pct":100},"functions":{"total":0,"covered":0,"skipped":0,"pct":100},"statements":{"total":4,"covered":4,"skipped":0,"pct":100},"branches":{"total":0,"covered":0,"skipped":0,"pct":100}}
,"C:\\Users\\juan.ciro\\Documents\\Taller-28\\SistemaDePedidosRestaurante\\orders-producer-node\\src\\strategies\\calculator\\index.ts": {"lines":{"total":6,"covered":6,"skipped":0,"pct":100},"functions":{"total":3,"covered":3,"skipped":0,"pct":100},"statements":{"total":8,"covered":8,"skipped":0,"pct":100},"branches":{"total":1,"covered":1,"skipped":0,"pct":100}}
,"C:\\Users\\juan.ciro\\Documents\\Taller-28\\SistemaDePedidosRestaurante\\orders-producer-node\\src\\strategies\\exact-name\\index.ts": {"lines":{"total":4,"covered":4,"skipped":0,"pct":100},"functions":{"total":3,"covered":3,"skipped":0,"pct":100},"statements":{"total":5,"covered":5,"skipped":0,"pct":100},"branches":{"total":0,"covered":0,"skipped":0,"pct":100}}
,"C:\\Users\\juan.ciro\\Documents\\Taller-28\\SistemaDePedidosRestaurante\\orders-producer-node\\src\\strategies\\fixed-time\\index.ts": {"lines":{"total":4,"covered":4,"skipped":0,"pct":100},"functions":{"total":3,"covered":3,"skipped":0,"pct":100},"statements":{"total":5,"covered":5,"skipped":0,"pct":100},"branches":{"total":0,"covered":0,"skipped":0,"pct":100}}
}
