TN:
SF:src\application\config\preparation.config.ts
FN:8,createCalculatorFromMongo
FNF:1
FNH:1
FNDA:5,createCalculatorFromMongo
DA:1,2
DA:2,2
DA:8,2
DA:9,5
DA:10,5
DA:12,5
DA:13,5
DA:15,4
DA:16,3
DA:18,3
DA:19,6
DA:20,6
DA:23,3
DA:25,1
DA:28,1
DA:32,2
DA:33,2
DA:34,2
DA:35,2
DA:37,2
LF:20
LH:20
BRDA:15,0,0,3
BRDA:15,0,1,1
BRF:2
BRH:2
end_of_record
TN:
SF:src\application\factories\order.factory.ts
FN:4,createKitchenOrderFromMessage
FNF:1
FNH:1
FNDA:14,createKitchenOrderFromMessage
DA:1,7
DA:4,7
DA:5,14
LF:3
LH:3
BRDA:7,0,0,14
BRDA:7,0,1,2
BRDA:8,1,0,14
BRDA:8,1,1,11
BRDA:9,2,0,14
BRDA:9,2,1,14
BRF:6
BRH:6
end_of_record
TN:
SF:src\domain\strategies\exact-name.strategy.ts
FN:7,(anonymous_0)
FN:9,(anonymous_1)
FN:13,(anonymous_2)
FNF:3
FNH:3
FNDA:15,(anonymous_0)
FNDA:12,(anonymous_1)
FNDA:8,(anonymous_2)
DA:6,3
DA:7,15
DA:10,12
DA:14,8
LF:4
LH:4
BRF:0
BRH:0
end_of_record
TN:
SF:src\domain\strategies\fixed-time.strategy.ts
FN:4,(anonymous_0)
FN:6,(anonymous_1)
FN:10,(anonymous_2)
FNF:3
FNH:3
FNDA:3,(anonymous_0)
FNDA:5,(anonymous_1)
FNDA:3,(anonymous_2)
DA:3,3
DA:4,3
DA:7,5
DA:11,3
LF:4
LH:4
BRF:0
BRH:0
end_of_record
TN:
SF:src\domain\strategies\index.ts
FNF:0
FNH:0
DA:1,2
DA:2,2
DA:3,2
DA:4,2
LF:4
LH:4
BRF:0
BRH:0
end_of_record
TN:
SF:src\domain\strategies\preparation-calculator.strategy.ts
FN:6,(anonymous_0)
FN:10,(anonymous_1)
FN:11,(anonymous_2)
FNF:3
FNH:3
FNDA:19,(anonymous_0)
FNDA:12,(anonymous_1)
FNDA:14,(anonymous_2)
DA:3,4
DA:4,10
DA:7,19
DA:11,14
DA:12,12
DA:13,11
LF:6
LH:6
BRDA:12,0,0,1
BRF:1
BRH:1
end_of_record
TN:
SF:src\infrastructure\database\mongo.ts
FN:11,(anonymous_1)
FN:13,(anonymous_2)
FN:18,(anonymous_3)
FN:23,(anonymous_4)
FN:71,(anonymous_5)
FN:75,(anonymous_6)
FNF:6
FNH:6
FNDA:6,(anonymous_1)
FNDA:6,(anonymous_2)
FNDA:6,(anonymous_3)
FNDA:8,(anonymous_4)
FNDA:2,(anonymous_5)
FNDA:5,(anonymous_6)
DA:1,6
DA:2,6
DA:4,6
DA:7,6
DA:8,6
DA:9,6
DA:14,6
DA:15,6
DA:20,6
DA:24,8
DA:26,6
DA:27,6
DA:31,5
DA:33,5
DA:34,5
DA:36,5
DA:37,4
DA:43,5
DA:44,5
DA:45,5
DA:48,5
DA:49,5
DA:50,5
DA:53,5
DA:57,5
DA:60,5
DA:64,5
DA:65,5
DA:67,5
DA:68,5
DA:72,2
DA:76,5
DA:77,5
DA:78,5
DA:82,6
LF:35
LH:35
BRDA:20,0,0,6
BRDA:20,0,1,1
BRDA:20,0,2,1
BRDA:24,1,0,2
BRDA:27,2,0,1
BRDA:31,3,0,5
BRDA:31,3,1,4
BRDA:36,4,0,4
BRDA:36,5,0,5
BRDA:36,5,1,4
BRDA:76,6,0,5
BRF:11
BRH:11
end_of_record
TN:
SF:src\infrastructure\database\repositories\mongo.order.repository.ts
FN:8,(anonymous_1)
FN:13,(anonymous_2)
FN:19,(anonymous_3)
FN:24,(anonymous_4)
FN:30,(anonymous_5)
FN:36,(anonymous_6)
FNF:6
FNH:6
FNDA:7,(anonymous_1)
FNDA:1,(anonymous_2)
FNDA:1,(anonymous_3)
FNDA:2,(anonymous_4)
FNDA:2,(anonymous_5)
FNDA:1,(anonymous_6)
DA:1,1
DA:5,1
DA:6,7
DA:9,7
DA:10,7
DA:14,1
DA:16,1
DA:20,1
DA:21,1
DA:25,2
DA:26,2
DA:27,2
DA:31,2
DA:32,2
DA:33,2
DA:37,1
DA:38,1
LF:17
LH:17
BRDA:27,0,0,2
BRDA:27,0,1,1
BRF:2
BRH:2
end_of_record
TN:
SF:src\infrastructure\database\repositories\preparation-time.repository.ts
FN:10,(anonymous_1)
FN:18,(anonymous_2)
FN:34,(anonymous_3)
FN:47,(anonymous_4)
FNF:4
FNH:4
FNDA:6,(anonymous_1)
FNDA:2,(anonymous_2)
FNDA:2,(anonymous_3)
FNDA:2,(anonymous_4)
DA:1,3
DA:7,3
DA:8,6
DA:11,6
DA:12,5
DA:19,2
DA:20,2
DA:21,1
DA:26,1
DA:27,1
DA:35,2
DA:36,2
DA:37,2
DA:39,1
DA:40,1
DA:48,2
DA:49,2
DA:50,2
DA:64,1
DA:65,1
LF:20
LH:20
BRF:0
BRH:0
end_of_record
TN:
SF:src\infrastructure\database\repositories\product.repository.ts
FN:10,(anonymous_1)
FN:18,(anonymous_2)
FN:34,(anonymous_3)
FN:50,(anonymous_4)
FN:64,(anonymous_5)
FN:77,(anonymous_6)
FN:104,(anonymous_7)
FNF:7
FNH:7
FNDA:15,(anonymous_1)
FNDA:2,(anonymous_2)
FNDA:2,(anonymous_3)
FNDA:3,(anonymous_4)
FNDA:2,(anonymous_5)
FNDA:3,(anonymous_6)
FNDA:3,(anonymous_7)
DA:1,1
DA:7,1
DA:8,1
DA:11,15
DA:12,11
DA:19,2
DA:20,2
DA:21,1
DA:26,1
DA:27,1
DA:35,2
DA:36,2
DA:37,1
DA:42,1
DA:43,1
DA:51,3
DA:52,3
DA:53,2
DA:54,2
DA:56,1
DA:57,1
DA:65,2
DA:66,2
DA:67,1
DA:69,1
DA:70,1
DA:78,3
DA:79,3
DA:80,3
DA:82,3
DA:96,1
DA:97,1
DA:105,3
DA:106,3
DA:107,3
DA:108,3
DA:109,2
DA:111,1
DA:112,1
LF:39
LH:39
BRDA:53,0,0,1
BRDA:53,0,1,1
BRDA:80,1,0,2
BRDA:80,1,1,1
BRDA:107,2,0,2
BRDA:107,2,1,1
BRF:6
BRH:6
end_of_record
TN:
SF:src\infrastructure\http\controllers\kitchen.controller.ts
FN:9,setOrderRepository
FN:13,getKitchenOrders
FN:20,(anonymous_2)
FN:28,addKitchenOrder
FN:36,markOrderReady
FN:43,removeOrderFromKitchen
FNF:6
FNH:6
FNDA:6,setOrderRepository
FNDA:3,getKitchenOrders
FNDA:1,(anonymous_2)
FNDA:2,addKitchenOrder
FNDA:3,markOrderReady
FNDA:2,removeOrderFromKitchen
DA:7,4
DA:9,4
DA:10,6
DA:13,4
DA:14,3
DA:15,3
DA:16,1
DA:18,2
DA:20,1
DA:21,1
DA:23,1
DA:28,4
DA:29,2
DA:30,1
DA:32,1
DA:33,1
DA:36,4
DA:37,3
DA:38,1
DA:40,2
DA:43,4
DA:44,2
DA:45,1
DA:47,1
LF:24
LH:24
BRDA:15,0,0,1
BRDA:29,1,0,1
BRDA:37,2,0,1
BRDA:44,3,0,1
BRF:4
BRH:4
end_of_record
TN:
SF:src\infrastructure\messaging\amqp.connection.ts
FN:17,(anonymous_10)
FN:19,(anonymous_11)
FN:24,(anonymous_12)
FN:59,(anonymous_13)
FN:75,(anonymous_14)
FN:82,(anonymous_15)
FN:89,getChannel
FN:93,sendToDLQ
FN:109,_getInstanceForTesting
FN:113,_callConnectForTesting
FNF:10
FNH:10
FNDA:21,(anonymous_10)
FNDA:21,(anonymous_11)
FNDA:22,(anonymous_12)
FNDA:26,(anonymous_13)
FNDA:6,(anonymous_14)
FNDA:1,(anonymous_15)
FNDA:20,getChannel
FNDA:5,sendToDLQ
FNDA:3,_getInstanceForTesting
FNDA:4,_callConnectForTesting
DA:2,21
DA:3,21
DA:5,21
DA:13,21
DA:14,21
DA:15,21
DA:20,21
DA:21,21
DA:25,22
DA:27,18
DA:29,18
DA:30,18
DA:31,1
DA:39,1
DA:41,17
DA:51,16
DA:54,1
DA:55,1
DA:60,26
DA:62,19
DA:64,18
DA:66,17
DA:67,15
DA:69,15
DA:71,14
DA:76,6
DA:77,6
DA:78,5
DA:83,1
DA:87,21
DA:89,21
DA:90,20
DA:93,21
DA:94,5
DA:96,5
DA:97,1
DA:100,4
DA:101,4
DA:103,1
DA:104,1
DA:109,21
DA:110,3
DA:113,21
DA:114,4
LF:44
LH:44
BRDA:25,0,0,4
BRDA:30,1,0,1
BRDA:30,1,1,17
BRDA:44,2,0,17
BRDA:44,2,1,6
BRDA:60,3,0,7
BRDA:62,4,0,18
BRDA:64,5,0,1
BRDA:69,6,0,1
BRDA:75,7,0,1
BRF:10
BRH:10
end_of_record
TN:
SF:src\infrastructure\messaging\rabbit.adapter.ts
FN:10,(anonymous_0)
FN:14,(anonymous_1)
FNF:2
FNH:2
FNDA:3,(anonymous_0)
FNDA:3,(anonymous_1)
DA:1,1
DA:7,1
DA:11,3
DA:15,3
DA:16,3
DA:17,3
DA:18,3
DA:19,3
LF:8
LH:8
BRDA:16,0,0,3
BRDA:16,0,1,1
BRDA:18,1,0,1
BRDA:18,1,1,2
BRF:4
BRH:4
end_of_record
TN:
SF:src\infrastructure\messaging\worker.ts
FN:15,startWorker
FN:33,(anonymous_1)
FN:63,(anonymous_2)
FNF:3
FNH:3
FNDA:12,startWorker
FNDA:10,(anonymous_1)
FNDA:4,(anonymous_2)
DA:2,5
DA:5,5
DA:6,5
DA:7,5
DA:8,5
DA:14,5
DA:15,5
DA:16,12
DA:18,12
DA:19,5
DA:20,5
DA:23,12
DA:24,11
DA:26,11
DA:27,11
DA:29,11
DA:31,11
DA:34,10
DA:36,9
DA:37,9
DA:38,9
DA:39,9
DA:43,9
DA:44,9
DA:47,9
DA:50,9
DA:51,4
DA:54,5
DA:55,5
DA:56,5
DA:59,4
DA:60,4
DA:63,4
DA:66,4
DA:68,4
DA:71,4
DA:80,4
DA:83,4
DA:84,4
DA:85,1
DA:89,1
DA:94,5
DA:95,5
DA:98,5
DA:99,5
DA:100,2
DA:101,2
DA:102,2
DA:103,2
DA:104,2
DA:109,5
DA:111,1
DA:113,5
DA:120,1
LF:54
LH:54
BRDA:18,0,0,5
BRDA:34,1,0,1
BRDA:38,2,0,9
BRDA:38,2,1,9
BRDA:38,2,2,6
BRDA:38,2,3,6
BRDA:50,3,0,4
BRDA:68,4,0,4
BRDA:68,4,1,3
BRDA:84,5,0,1
BRDA:99,6,0,2
BRDA:102,7,0,2
BRDA:102,7,1,2
BRF:13
BRH:13
end_of_record
TN:
SF:src\infrastructure\websocket\ws-server.ts
FN:6,notifyClients
FN:9,(anonymous_1)
FNF:2
FNH:2
FNDA:3,notifyClients
FNDA:7,(anonymous_1)
DA:1,2
DA:3,2
DA:4,2
DA:6,2
DA:7,3
DA:9,3
DA:10,7
DA:11,6
LF:8
LH:8
BRDA:10,0,0,6
BRF:1
BRH:1
end_of_record
